starting hypoDD (v1.3 - 11/2010)...          Wed Apr 19 16:56:07 2017
Input parameters: (from hypoDD.inp)
  cross dtime file: dt.cc
  catalog dtime file: dt.ct
  station file: station.dat
  event file: event.dat
  initial locations: hypoDD.loc
  relocated events: hypoDD.reloc
  event pair file: hypoDD.res
  station residual file: hypoDD.sta
  source parameter file: hypoDD.src
  IDATA=  1  IPHASE=  1  MAXDIST=  100.
  MINOBS_CC=   2  MINOBS_CT=   0
  ISTART= 2  ISOLV= 2
  ITER  1-10: DAMP=   0.1
    WT_CCP=  1.0000  WT_CCS=  0.0000  MAXR_CC=  2.0000  MAXD_CC=    6.00
    WT_CTP= -9.0000  WT_CTS= -9.0000  MAXR_CT= -9.0000  MAXD_CT=   -9.00
  ITER 11-20: DAMP=   0.1
    WT_CCP=  1.0000  WT_CCS=  0.0000  MAXR_CC=  2.0000  MAXD_CC=    6.00
    WT_CTP= -9.0000  WT_CTS= -9.0000  MAXR_CT= -9.0000  MAXD_CT=   -9.00
  MOD_NL=  7  MOD_RATIO= 1.73
    MOD_TOP    MOD_V
      0.000    2.100
      1.000    3.600
      2.000    5.100
      6.000    6.400
     20.000    7.400
     30.000    8.100
    200.000    8.260
 Relocate all clusters
 Relocate all events

~ Reading data ...   Wed Apr 19 16:56:07 2017 
# stations total =     21
# stations < maxdist =     16
# cross corr P dtimes =  533238 (no org. time corr. for      0 event pairs)
# dtimes total =   533238
# events after dtime match =        925
# stations =     14

~ clustering ...  
# clustered events =  925
# isolated events =    0

# clusters =    3  for min. number of links set to     2
Cluster    1:   921 events
      987        986          4          2        988          7         10         12
       13          5         15          1         18         19         20         21
       22         23         24         25         14         27         28         29
       17          3         33         34         35         36         38         39
       40         41         42         43         44         45         46         47
       48         49         26         51         52         53         54         55
       56         57         30         59         60          6         62         63
       64         65         66         67         69         70         71         72
       73         74         75         76         77         78         79         80
       81         82         83         84         85         86         87         88
       89         90         91         92         93         94         95         50
       97         98         99        100        101        102        103        104
      105        106        107        108        109        110         58        112
      113        114        116        117         31         61        120        121
      122        123        126        127        128        129        130        131
      132        133        134        135        136        137        138        139
      140        141        142        143        144        146        147        148
      149        150        151        152        153        154        155        156
      157        158        159        160        161        162        163        164
      165        166        167        168        169        170        171        172
      173        174        175        176        177        178        179        180
      181        182        183        184        185        187        189        190
      191         96        193        194        195        196        197        198
      200        201        202        203        204        205        206        208
      209        210        211        213        214        215        216        217
      218        220        221        222        224        225        226        111
      228        229        230        231        232        233        234        235
      236        237        238        118        119        241        242        243
      244        245        246        247        248        249        250        251
      252        253        254        255        256        257        258        259
      260        261        262        263        264        265        266        267
      268        269        270        271        272        273        274        275
      276        277        278        279        280        281        282        283
      284        285        286        287        288        289        290        291
      292        293        294        295        296        297        298        299
      300        301        302        303        304        305        306        307
      308        309        310        311        312        313        314        315
      316        317        318        319        320        321        322        323
      324        325        326        327        328        329        330        331
      332        333        334        335        336        337        338        339
      340        341        342        343        344        345        346        347
      348        349        350        351        352        353        354        355
      356        357        358        359        360        361        362        363
      364        365        366        367        368        369        370        371
      372        373        374        375        192        377        378        379
      380        381        382        383        384        385        386        387
      388        389        390        391        392        393        394        395
      396        397        398        399        400        401        402        403
      404        405        406        407        408        409        410        411
      412        413        414        415        416        417        418        419
      420        421        422        423        424        425        426        427
      429        430        431        432        433        434        435        436
      437        227        439        440        441        443        444        445
      446        447        448        449        450        451        452        453
      454        455        456        457        458        459        460        461
      462        239        464        240        466        467        470        471
      472        473        474        475        476        477        478        479
      480        481        482        483        484        485        486        487
      488        489        490        491        492        493        494        495
      496        497        498        499        500        501        502        503
      504        505        506        507        508        509        510        511
      512        513        514        515        516        519        520        521
      522        523        524        525        526        529        530        531
      532        533        534        535        536        537        538        539
      540        541        542        543        544        545        546        547
      548        549        550        551        552        553        554        555
      557        558        560        561        562        563        564        565
      566        568        570        571        572        573        574        575
      576        578        579        580        581        582        583        584
      585        586        587        589        590        591        592        593
      594        595        596        597        599        600        601        602
      603        604        605        606        607        608        609        610
      611        612        613        614        615        616        617        618
      619        620        621        623        624        625        626        627
      628        630        631        633        634        635        636        637
      638        639        640        641        643        644        645        646
      647        648        649        651        652        653        654        655
      656        657        658        659        660        661        662        663
      664        666        670        671        672        673        674        675
      676        677        678        679        680        681        682        683
      684        685        686        687        688        689        690        691
      692        693        694        695        696        697        698        699
      700        701        702        703        704        705        706        707
      708        709        710        711        713        714        715        716
      717        718        719        720        721        722        723        724
      725        726        727        728        729        730        731        732
      733        734        735        736        737        738        739        740
      741        742        743        744        745        746        747        748
      749        750        751        752        753        754        755        757
      758        759        760        376        762        764        765        766
      767        768        769        770        771        772        773        774
      775        776        777        778        779        781        782        783
      784        785        786        787        789        790        791        792
      793        794        795        796        797        798        799        800
      801        802        803        804        805        806        807        808
      809        811        812        813        814        815        816        817
      818        819        820        821        822        823        824        825
      826        827        828        830        831        833        834        835
      836        837        838        840        841        844        845        847
      848        849        850        851        852        853        854        855
      856        857        858        859        860        861        862        863
      864        865        866        867        868        869        870        871
      872        873        874        875        876        877        878        879
      880        881        882        883        884        885        886        887
      888        890        891        892        438        894        895        896
      898        900        901        902        903        904        905        906
      907        909        910        911        912        913        914        915
      916        917        918        919        920        921        922        923
      924        925        926        927        928        929        930        931
      932        933        934        935        936        937        938        939
      940        941        942        943        944        463        946        947
      465        949        950        951        952        955        956        957
      958        959        960        961        962        963        964        965
      966        967        968        969        970        971        974        975
      976        977        978        979        980        981        983        984
      985
Cluster    2:     2 events
      948        893
Cluster    3:     2 events
      945        761


RELOCATION OF CLUSTER: 1     Wed Apr 19 16:56:11 2017
----------------------

~ Reading data ...   Wed Apr 19 16:56:11 2017Å
# stations total =     21
# stations < maxdist =     16
# cross corr P dtimes =  533219 (no org. time corr. for      0 event pairs)
# dtimes total =   533219
# events after dtime match =        921
# stations =     14
Cluster centroid at:  12.348288   -86.469887   7.152009
# events:  921
# initial trial sources:   921

===ITERATION   1 (  1) Wed Apr 19 16:56:15 2017

Weighting parameters for this iteration:
  wt_ccp=  1.0000  wt_ccs=  0.0000  maxr_cc=  2.0000  maxd_cc=    6.00
  wt_ctp= -9.0000  wt_cts= -9.0000  maxr_ct= -9.0000  maxd_ct=   -9.00
  damp=   0.1

~ getting partials for    14 stations and   921 source(s) ...
~ getting residual vector...
re-weighting ... Wed Apr 19 16:56:15 2017@
 cc res/dist cutoff:  0.659s/  6.00km ( 98.1%)
skipping data...
# obs =     10127 (  1.9%)
# events =       860
# stations =        13

Residual summary of initial data:
 absolute mean [s] =  0.0111
 weighted mean [s] =  0.0060
 absolute variance [s] =    70.7594
 weighted variance [s] =  7.2775
 absolute cc rms [s] =  0.2165
 weighted cc rms [s] (RMSCC) =  0.1443

~ setting up G matrix.. 
~ scaling G columns ... 
~ lsqr ...    Wed Apr 19 16:56:16 2017 
  istop = 3; acond (CND)=100001.7; anorm = 10522.8; arnorm =   318.2; xnorm =  1916.7

Residual summary:
 absolute mean [s] =  0.0024 (    Inf %)
 weighted mean [s] =  0.0009 ( -99.99 %)
 absolute variance [s] =    25.4936 (    Inf %)
 weighted variance [s] =     2.3304 (    Inf %)
 absolute cc rms [s] =  0.1298 ( -40.04 %)
 weighted cc rms [s] =  0.0816 ( -43.46 %)

Location summary:
 mean 2sig-error (x,y,z,t) [m,ms]: 
 5311.1 5863.2 6180.8 1417.0 (    0.0    0.0    0.0    0.0)
 mean shift (x,y,z,t) [m,ms] (DX,DY,DZ,DT): 
 6341.210182.913905.8  654.7 (    0.0    0.0    0.0    0.0)
>>>Warning: negative depth -           27
>>>Warning: negative depth -           29
>>>Warning: negative depth -           82
>>>Warning: negative depth -           89
>>>Warning: negative depth -          102
>>>Warning: negative depth -          110
>>>Warning: negative depth -          112
>>>Warning: negative depth -          118
>>>Warning: negative depth -          123
>>>Warning: negative depth -          133
>>>Warning: negative depth -          135
>>>Warning: negative depth -          141
>>>Warning: negative depth -          152
>>>Warning: negative depth -          159
>>>Warning: negative depth -          164
>>>Warning: negative depth -          175
>>>Warning: negative depth -          215
>>>Warning: negative depth -          232
>>>Warning: negative depth -          242
>>>Warning: negative depth -          246
>>>Warning: negative depth -          259
>>>Warning: negative depth -          278
>>>Warning: negative depth -          280
>>>Warning: negative depth -          283
>>>Warning: negative depth -          290
>>>Warning: negative depth -          293
>>>Warning: negative depth -          297
>>>Warning: negative depth -          305
>>>Warning: negative depth -          310
>>>Warning: negative depth -          311
>>>Warning: negative depth -          313
>>>Warning: negative depth -          323
>>>Warning: negative depth -          326
>>>Warning: negative depth -          330
>>>Warning: negative depth -          331
>>>Warning: negative depth -          335
>>>Warning: negative depth -          344
>>>Warning: negative depth -          347
>>>Warning: negative depth -          355
>>>Warning: negative depth -          376
>>>Warning: negative depth -          383
>>>Warning: negative depth -          387
>>>Warning: negative depth -          392
>>>Warning: negative depth -          393
>>>Warning: negative depth -          401
>>>Warning: negative depth -          406
>>>Warning: negative depth -          435
>>>Warning: negative depth -          439
>>>Warning: negative depth -          440
>>>Warning: negative depth -          449
>>>Warning: negative depth -          451
>>>Warning: negative depth -          455
>>>Warning: negative depth -          465
>>>Warning: negative depth -          475
>>>Warning: negative depth -          501
>>>Warning: negative depth -          503
>>>Warning: negative depth -          510
>>>Warning: negative depth -          553
>>>Warning: negative depth -          561
>>>Warning: negative depth -          582
>>>Warning: negative depth -          587
>>>Warning: negative depth -          597
>>>Warning: negative depth -          610
>>>Warning: negative depth -          613
>>>Warning: negative depth -          624
>>>Warning: negative depth -          633
>>>Warning: negative depth -          645
>>>Warning: negative depth -          655
>>>Warning: negative depth -          657
>>>Warning: negative depth -          661
>>>Warning: negative depth -          688
>>>Warning: negative depth -          713
>>>Warning: negative depth -          714
>>>Warning: negative depth -          718
>>>Warning: negative depth -          724
>>>Warning: negative depth -          738
>>>Warning: negative depth -          748
>>>Warning: negative depth -          758
>>>Warning: negative depth -          766
>>>Warning: negative depth -          782
>>>Warning: negative depth -          784
>>>Warning: negative depth -          795
>>>Warning: negative depth -          797
>>>Warning: negative depth -          799
>>>Warning: negative depth -          817
>>>Warning: negative depth -          835
>>>Warning: negative depth -          836
>>>Warning: negative depth -          841
>>>Warning: negative depth -          844
>>>Warning: negative depth -          847
>>>Warning: negative depth -          854
>>>Warning: negative depth -          869
>>>Warning: negative depth -          872
>>>Warning: negative depth -          895
>>>Warning: negative depth -          898
>>>Warning: negative depth -          901
>>>Warning: negative depth -          911
>>>Warning: negative depth -          913
>>>Warning: negative depth -          925
>>>Warning: negative depth -          926
>>>Warning: negative depth -          930
>>>Warning: negative depth -          934
>>>Warning: negative depth -          983
>>>Warning: negative depth -          986
 Number of air quakes (AQ) =         104
Iteration  1 finished Wed Apr 19 16:56:16 2017

===ITERATION   1 (  2) Wed Apr 19 16:56:16 2017

Weighting parameters for this iteration:
  wt_ccp=  1.0000  wt_ccs=  0.0000  maxr_cc=  2.0000  maxd_cc=    6.00
  wt_ctp= -9.0000  wt_cts= -9.0000  maxr_ct= -9.0000  maxd_ct=   -9.00
  damp=   0.1

~ getting partials for    13 stations and   860 source(s) ...
~ getting residual vector...
re-weighting ... Wed Apr 19 16:56:16 2017@
 cc res/dist cutoff:  0.309s/  6.00km ( 31.4%)
skipping data...
# obs =      6948 (  1.3%)
# events =       746
# stations =        13

~ setting up G matrix.. 
~ scaling G columns ... 
~ lsqr ...    Wed Apr 19 16:56:16 2017€
  istop = 3; acond (CND)=100027.8; anorm =  9156.0; arnorm =    47.8; xnorm =   921.5

Residual summary:
 absolute mean [s] =  0.0034 (    Inf %)
 weighted mean [s] =  0.0005 ( -99.99 %)
 absolute variance [s] =    30.1387 (    Inf %)
 weighted variance [s] =     0.7416 (    Inf %)
 absolute cc rms [s] =  0.1312 (   1.09 %)
 weighted cc rms [s] =  0.0477 ( -41.55 %)

Location summary:
 mean 2sig-error (x,y,z,t) [m,ms]: 
 2600.0 2921.5 2871.4  701.2 (-2711.1-2941.7-3309.4 -715.8)
 mean shift (x,y,z,t) [m,ms] (DX,DY,DZ,DT): 
 4428.2 5776.9 7902.6  386.4 (-1913.0-4406.0-6003.2 -268.3)
>>>Warning: negative depth -           52
>>>Warning: negative depth -          122
>>>Warning: negative depth -          137
>>>Warning: negative depth -          185
>>>Warning: negative depth -          201
>>>Warning: negative depth -          228
>>>Warning: negative depth -          267
>>>Warning: negative depth -          304
>>>Warning: negative depth -          316
>>>Warning: negative depth -          318
>>>Warning: negative depth -          327
>>>Warning: negative depth -          336
>>>Warning: negative depth -          345
>>>Warning: negative depth -          373
>>>Warning: negative depth -          424
>>>Warning: negative depth -          485
>>>Warning: negative depth -          500
>>>Warning: negative depth -          575
>>>Warning: negative depth -          608
>>>Warning: negative depth -          752
>>>Warning: negative depth -          775
>>>Warning: negative depth -          822
>>>Warning: negative depth -          837
>>>Warning: negative depth -          876
>>>Warning: negative depth -          880
>>>Warning: negative depth -          886
 Number of air quakes (AQ) =          26
Iteration  2 finished Wed Apr 19 16:56:17 2017

===ITERATION   1 (  3) Wed Apr 19 16:56:17 2017

Weighting parameters for this iteration:
  wt_ccp=  1.0000  wt_ccs=  0.0000  maxr_cc=  2.0000  maxd_cc=    6.00
  wt_ctp= -9.0000  wt_cts= -9.0000  maxr_ct= -9.0000  maxd_ct=   -9.00
  damp=   0.1

~ getting partials for    13 stations and   746 source(s) ...
~ getting residual vector...
re-weighting ... Wed Apr 19 16:56:17 2017@
 cc res/dist cutoff:  0.251s/  6.00km ( 12.7%)
skipping data...
# obs =      6068 (  1.1%)
# events =       713
# stations =        13

~ setting up G matrix.. 
~ scaling G columns ... 
~ lsqr ...    Wed Apr 19 16:56:17 2017€
  istop = 3; acond (CND)=100021.6; anorm =  8657.4; arnorm =    33.1; xnorm =   767.6

Residual summary:
 absolute mean [s] =  0.0034 (    Inf %)
 weighted mean [s] =  0.0003 (-100.00 %)
 absolute variance [s] =    33.1476 (    Inf %)
 weighted variance [s] =     0.5461 (    Inf %)
 absolute cc rms [s] =  0.1326 (   1.08 %)
 weighted cc rms [s] =  0.0410 ( -14.08 %)

Location summary:
 mean 2sig-error (x,y,z,t) [m,ms]: 
 2096.4 2389.0 2300.4  572.7 ( -503.6 -532.5 -571.1 -128.5)
 mean shift (x,y,z,t) [m,ms] (DX,DY,DZ,DT): 
 3778.0 5012.2 6722.5  331.3 ( -650.3 -764.7-1180.1  -55.1)
>>>Warning: negative depth -           43
>>>Warning: negative depth -          150
>>>Warning: negative depth -          173
>>>Warning: negative depth -          182
>>>Warning: negative depth -          216
>>>Warning: negative depth -          217
>>>Warning: negative depth -          236
>>>Warning: negative depth -          247
>>>Warning: negative depth -          256
>>>Warning: negative depth -          258
>>>Warning: negative depth -          260
>>>Warning: negative depth -          264
>>>Warning: negative depth -          302
>>>Warning: negative depth -          329
>>>Warning: negative depth -          341
>>>Warning: negative depth -          354
>>>Warning: negative depth -          386
>>>Warning: negative depth -          408
>>>Warning: negative depth -          460
>>>Warning: negative depth -          488
>>>Warning: negative depth -          493
>>>Warning: negative depth -          530
>>>Warning: negative depth -          564
>>>Warning: negative depth -          699
>>>Warning: negative depth -          702
>>>Warning: negative depth -          900
 Number of air quakes (AQ) =          26
Iteration  3 finished Wed Apr 19 16:56:18 2017

===ITERATION   1 (  4) Wed Apr 19 16:56:18 2017

Weighting parameters for this iteration:
  wt_ccp=  1.0000  wt_ccs=  0.0000  maxr_cc=  2.0000  maxd_cc=    6.00
  wt_ctp= -9.0000  wt_cts= -9.0000  maxr_ct= -9.0000  maxd_ct=   -9.00
  damp=   0.1

~ getting partials for    13 stations and   713 source(s) ...
~ getting residual vector...
re-weighting ... Wed Apr 19 16:56:18 2017@
 cc res/dist cutoff:  0.234s/  6.00km (  7.5%)
skipping data...
# obs =      5610 (  1.1%)
# events =       680
# stations =        13

~ setting up G matrix.. 
~ scaling G columns ... 
~ lsqr ...    Wed Apr 19 16:56:18 2017€
  istop = 3; acond (CND)=100026.1; anorm =  8379.4; arnorm =    27.5; xnorm =   735.3

Residual summary:
 absolute mean [s] =  0.0012 (    Inf %)
 weighted mean [s] =  0.0002 (-100.00 %)
 absolute variance [s] =    37.8469 (    Inf %)
 weighted variance [s] =     0.4908 (    Inf %)
 absolute cc rms [s] =  0.1396 (   5.32 %)
 weighted cc rms [s] =  0.0390 (  -4.83 %)

Location summary:
 mean 2sig-error (x,y,z,t) [m,ms]: 
 1900.2 2231.9 2077.0  528.2 ( -196.1 -157.1 -223.3  -44.5)
 mean shift (x,y,z,t) [m,ms] (DX,DY,DZ,DT): 
 3530.8 4652.3 6581.9  306.3 ( -247.1 -359.9 -140.6  -25.0)
>>>Warning: negative depth -           58
>>>Warning: negative depth -          144
>>>Warning: negative depth -          158
>>>Warning: negative depth -          284
>>>Warning: negative depth -          285
>>>Warning: negative depth -          320
 Number of air quakes (AQ) =           6
Iteration  4 finished Wed Apr 19 16:56:18 2017

===ITERATION   1 (  5) Wed Apr 19 16:56:18 2017

Weighting parameters for this iteration:
  wt_ccp=  1.0000  wt_ccs=  0.0000  maxr_cc=  2.0000  maxd_cc=    6.00
  wt_ctp= -9.0000  wt_cts= -9.0000  maxr_ct= -9.0000  maxd_ct=   -9.00
  damp=   0.1

~ getting partials for    13 stations and   680 source(s) ...
~ getting residual vector...
re-weighting ... Wed Apr 19 16:56:18 2017@
 cc res/dist cutoff:  0.230s/  6.00km (  2.8%)
skipping data...
# obs =      5452 (  1.0%)
# events =       674
# stations =        13

~ setting up G matrix.. 
~ scaling G columns ... 
~ lsqr ...    Wed Apr 19 16:56:18 2017€
  istop = 3; acond (CND)=100017.4; anorm =  8245.4; arnorm =    26.8; xnorm =   724.7

Residual summary:
 absolute mean [s] =  0.0022 (    Inf %)
 weighted mean [s] =  0.0001 (-100.00 %)
 absolute variance [s] =    35.8583 (    Inf %)
 weighted variance [s] =     0.4798 (    Inf %)
 absolute cc rms [s] =  0.1347 (  -3.57 %)
 weighted cc rms [s] =  0.0384 (  -1.54 %)

Location summary:
 mean 2sig-error (x,y,z,t) [m,ms]: 
 1868.6 2210.2 2026.7  517.6 (  -31.7  -21.7  -50.4  -10.6)
 mean shift (x,y,z,t) [m,ms] (DX,DY,DZ,DT): 
 3490.0 4641.5 6181.4  297.9 (  -40.8  -10.8 -400.5   -8.4)
>>>Warning: negative depth -          138
>>>Warning: negative depth -          238
>>>Warning: negative depth -          265
>>>Warning: negative depth -          840
 Number of air quakes (AQ) =           4
Iteration  5 finished Wed Apr 19 16:56:19 2017

===ITERATION   1 (  6) Wed Apr 19 16:56:19 2017

Weighting parameters for this iteration:
  wt_ccp=  1.0000  wt_ccs=  0.0000  maxr_cc=  2.0000  maxd_cc=    6.00
  wt_ctp= -9.0000  wt_cts= -9.0000  maxr_ct= -9.0000  maxd_ct=   -9.00
  damp=   0.1

~ getting partials for    13 stations and   674 source(s) ...
~ getting residual vector...
re-weighting ... Wed Apr 19 16:56:19 2017@
 cc res/dist cutoff:  0.230s/  6.00km (  0.9%)
skipping data...
# obs =      5403 (  1.0%)
# events =       670
# stations =        13

~ setting up G matrix.. 
~ scaling G columns ... 
~ lsqr ...    Wed Apr 19 16:56:19 2017€
  istop = 3; acond (CND)=100025.9; anorm =  8220.9; arnorm =    27.7; xnorm =   727.0

Residual summary:
 absolute mean [s] =  0.0023 (    Inf %)
 weighted mean [s] =  0.0001 (-100.00 %)
 absolute variance [s] =    31.5306 (    Inf %)
 weighted variance [s] =     0.4754 (    Inf %)
 absolute cc rms [s] =  0.1261 (  -6.37 %)
 weighted cc rms [s] =  0.0382 (  -0.49 %)

Location summary:
 mean 2sig-error (x,y,z,t) [m,ms]: 
 1849.1 2196.2 2006.1  513.8 (  -19.4  -14.0  -20.6   -3.9)
 mean shift (x,y,z,t) [m,ms] (DX,DY,DZ,DT): 
 3576.7 4639.2 6278.0  295.7 (   86.7   -2.2   96.6   -2.2)
>>>Warning: negative depth -          195
 Number of air quakes (AQ) =           1
Iteration  6 finished Wed Apr 19 16:56:19 2017

===ITERATION   1 (  7) Wed Apr 19 16:56:19 2017

Weighting parameters for this iteration:
  wt_ccp=  1.0000  wt_ccs=  0.0000  maxr_cc=  2.0000  maxd_cc=    6.00
  wt_ctp= -9.0000  wt_cts= -9.0000  maxr_ct= -9.0000  maxd_ct=   -9.00
  damp=   0.1

~ getting partials for    13 stations and   670 source(s) ...
~ getting residual vector...
re-weighting ... Wed Apr 19 16:56:19 2017@
 cc res/dist cutoff:  0.230s/  6.00km (  0.9%)
skipping data...
# obs =      5354 (  1.0%)
# events =       669
# stations =        13

~ setting up G matrix.. 
~ scaling G columns ... 
~ lsqr ...    Wed Apr 19 16:56:19 2017€
  istop = 3; acond (CND)=100010.2; anorm =  8194.5; arnorm =    27.1; xnorm =   728.6

Residual summary:
 absolute mean [s] =  0.0021 (    Inf %)
 weighted mean [s] =  0.0001 (-100.00 %)
 absolute variance [s] =    27.9658 (    Inf %)
 weighted variance [s] =     0.4759 (    Inf %)
 absolute cc rms [s] =  0.1183 (  -6.18 %)
 weighted cc rms [s] =  0.0381 (  -0.40 %)

Location summary:
 mean 2sig-error (x,y,z,t) [m,ms]: 
 1843.2 2191.9 2009.8  513.1 (   -5.9   -4.3    3.7   -0.7)
 mean shift (x,y,z,t) [m,ms] (DX,DY,DZ,DT): 
 3555.7 4648.8 6270.9  294.4 (  -20.9    9.6   -7.1   -1.2)
>>>Warning: negative depth -          388
 Number of air quakes (AQ) =           1
Iteration  7 finished Wed Apr 19 16:56:20 2017

===ITERATION   1 (  8) Wed Apr 19 16:56:20 2017

Weighting parameters for this iteration:
  wt_ccp=  1.0000  wt_ccs=  0.0000  maxr_cc=  2.0000  maxd_cc=    6.00
  wt_ctp= -9.0000  wt_cts= -9.0000  maxr_ct= -9.0000  maxd_ct=   -9.00
  damp=   0.1

~ getting partials for    13 stations and   669 source(s) ...
~ getting residual vector...
re-weighting ... Wed Apr 19 16:56:20 2017@
 cc res/dist cutoff:  0.230s/  6.00km (  0.6%)
skipping data...
# obs =      5324 (  1.0%)
# events =       668
# stations =        13

~ setting up G matrix.. 
~ scaling G columns ... 
~ lsqr ...    Wed Apr 19 16:56:20 2017€
  istop = 3; acond (CND)=100016.3; anorm =  8172.1; arnorm =    29.5; xnorm =   726.6

Residual summary:
 absolute mean [s] =  0.0020 (    Inf %)
 weighted mean [s] =  0.0000 (-100.00 %)
 absolute variance [s] =    28.1033 (    Inf %)
 weighted variance [s] =     0.4736 (    Inf %)
 absolute cc rms [s] =  0.1183 (   0.04 %)
 weighted cc rms [s] =  0.0379 (  -0.52 %)

Location summary:
 mean 2sig-error (x,y,z,t) [m,ms]: 
 1836.8 2183.6 2005.5  511.6 (   -6.4   -8.3   -4.4   -1.5)
 mean shift (x,y,z,t) [m,ms] (DX,DY,DZ,DT): 
 3518.4 4562.3 6279.7  292.5 (  -37.4  -86.5    8.7   -1.9)
  cluster centroid at:  12.343270   -86.498581  12.004093
  mean centroid (origin) shift in x,y,z,t [m,ms]: 
-1935.6-1697.7 5248.5   76.0
  (OS in std output gives maximum value.)

More:
  mean phase coherency = 0.742
  mean pick quality =   NaN
  station with largest cc rms: NANN   =   476. ms (RMSST)

Relocation results for this iteration are stored in hypoDD.reloc.001.001
Iteration  8 finished Wed Apr 19 16:56:20 2017

===ITERATION   2 (  9) Wed Apr 19 16:56:20 2017

Weighting parameters for this iteration:
  wt_ccp=  1.0000  wt_ccs=  0.0000  maxr_cc=  2.0000  maxd_cc=    6.00
  wt_ctp= -9.0000  wt_cts= -9.0000  maxr_ct= -9.0000  maxd_ct=   -9.00
  damp=   0.1

~ getting partials for    13 stations and   668 source(s) ...
~ getting residual vector...
re-weighting ... Wed Apr 19 16:56:20 2017@
 cc res/dist cutoff:  0.303s/  6.00km ( 61.4%)
skipping data...
# obs =      2054 (  0.4%)
# events =       476
# stations =        13

~ setting up G matrix.. 
~ scaling G columns ... 
~ lsqr ...    Wed Apr 19 16:56:20 2017€
  istop = 2; acond (CND)= 60873.0; anorm =  4486.3; arnorm =     2.0; xnorm =   355.5

Residual summary:
 absolute mean [s] = -0.0040 (   -Inf %)
 weighted mean [s] =  0.0006 ( -99.99 %)
 absolute variance [s] =   443.0890 (    Inf %)
 weighted variance [s] =     1.6496 (    Inf %)
 absolute cc rms [s] =  0.1800 (  52.07 %)
 weighted cc rms [s] =  0.0401 (   5.83 %)

Location summary:
 mean 2sig-error (x,y,z,t) [m,ms]: 
 4393.1 4977.1 7730.1 1188.9 ( 2556.2 2793.5 5724.6  677.3)
 mean shift (x,y,z,t) [m,ms] (DX,DY,DZ,DT): 
 1109.9 3026.416362.8  137.6 (-2408.4-1535.910083.2 -154.9)
>>>Warning: negative depth -           31
>>>Warning: negative depth -           36
>>>Warning: negative depth -           38
>>>Warning: negative depth -           56
>>>Warning: negative depth -           78
>>>Warning: negative depth -          130
>>>Warning: negative depth -          151
>>>Warning: negative depth -          170
>>>Warning: negative depth -          180
>>>Warning: negative depth -          202
>>>Warning: negative depth -          221
>>>Warning: negative depth -          237
>>>Warning: negative depth -          248
>>>Warning: negative depth -          303
>>>Warning: negative depth -          312
>>>Warning: negative depth -          317
>>>Warning: negative depth -          319
>>>Warning: negative depth -          342
>>>Warning: negative depth -          343
>>>Warning: negative depth -          350
>>>Warning: negative depth -          357
>>>Warning: negative depth -          360
>>>Warning: negative depth -          413
>>>Warning: negative depth -          426
>>>Warning: negative depth -          461
>>>Warning: negative depth -          490
>>>Warning: negative depth -          491
>>>Warning: negative depth -          502
>>>Warning: negative depth -          590
>>>Warning: negative depth -          600
>>>Warning: negative depth -          656
>>>Warning: negative depth -          678
>>>Warning: negative depth -          695
>>>Warning: negative depth -          717
>>>Warning: negative depth -          760
>>>Warning: negative depth -          772
>>>Warning: negative depth -          806
>>>Warning: negative depth -          807
>>>Warning: negative depth -          809
>>>Warning: negative depth -          896
>>>Warning: negative depth -          919
>>>Warning: negative depth -          950
>>>Warning: negative depth -          985
 Number of air quakes (AQ) =          43
Iteration  9 finished Wed Apr 19 16:56:20 2017

===ITERATION   2 ( 10) Wed Apr 19 16:56:20 2017

Weighting parameters for this iteration:
  wt_ccp=  1.0000  wt_ccs=  0.0000  maxr_cc=  2.0000  maxd_cc=    6.00
  wt_ctp= -9.0000  wt_cts= -9.0000  maxr_ct= -9.0000  maxd_ct=   -9.00
  damp=   0.1

~ getting partials for    13 stations and   476 source(s) ...
~ getting residual vector...
re-weighting ... Wed Apr 19 16:56:20 2017@
 cc res/dist cutoff:  0.101s/  6.00km ( 27.8%)
skipping data...
# obs =      1484 (  0.3%)
# events =       384
# stations =        13

~ setting up G matrix.. 
~ scaling G columns ... 
~ lsqr ...    Wed Apr 19 16:56:20 2017€
  istop = 2; acond (CND)= 55873.4; anorm =  3694.6; arnorm =     0.5; xnorm =   145.2
 >>> Warning: ndt < 4*nev

Residual summary:
 absolute mean [s] = -0.0030 (   -Inf %)
 weighted mean [s] =  0.0004 (-100.00 %)
 absolute variance [s] =  4253.9985 (    Inf %)
 weighted variance [s] =    27.6727 (    Inf %)
 absolute cc rms [s] =  0.0536 ( -70.19 %)
 weighted cc rms [s] =  0.0174 ( -56.66 %)

Location summary:
 mean 2sig-error (x,y,z,t) [m,ms]: 
11605.015673.916973.7 3194.3 ( 7211.910696.9 9243.6 2005.4)
 mean shift (x,y,z,t) [m,ms] (DX,DY,DZ,DT): 
  625.0 1388.7 2224.7   55.8 ( -484.9-1637.7*******  -81.8)
>>>Warning: negative depth -           41
>>>Warning: negative depth -           42
>>>Warning: negative depth -           75
>>>Warning: negative depth -          471
>>>Warning: negative depth -          638
>>>Warning: negative depth -          821
>>>Warning: negative depth -          877
 Number of air quakes (AQ) =           7
Iteration 10 finished Wed Apr 19 16:56:20 2017

===ITERATION   2 ( 11) Wed Apr 19 16:56:20 2017

Weighting parameters for this iteration:
  wt_ccp=  1.0000  wt_ccs=  0.0000  maxr_cc=  2.0000  maxd_cc=    6.00
  wt_ctp= -9.0000  wt_cts= -9.0000  maxr_ct= -9.0000  maxd_ct=   -9.00
  damp=   0.1

~ getting partials for    13 stations and   384 source(s) ...
~ getting residual vector...
re-weighting ... Wed Apr 19 16:56:20 2017@
 cc res/dist cutoff:  0.071s/  6.00km ( 15.0%)
skipping data...
# obs =      1262 (  0.2%)
# events =       364
# stations =        13

~ setting up G matrix.. 
~ scaling G columns ... 
~ lsqr ...    Wed Apr 19 16:56:20 2017€
  istop = 2; acond (CND)= 42299.1; anorm =  3069.4; arnorm =     0.3; xnorm =   133.1
 >>> Warning: ndt < 4*nev

Residual summary:
 absolute mean [s] = -0.0009 (   -Inf %)
 weighted mean [s] =  0.0003 (-100.00 %)
 absolute variance [s] =  2060.1506 (    Inf %)
 weighted variance [s] =    12.0101 (    Inf %)
 absolute cc rms [s] =  0.0404 ( -24.63 %)
 weighted cc rms [s] =  0.0127 ( -26.85 %)

Location summary:
 mean 2sig-error (x,y,z,t) [m,ms]: 
 5392.8 6602.4 6619.2 1353.5 (-6212.3-9071.5*******-1840.8)
 mean shift (x,y,z,t) [m,ms] (DX,DY,DZ,DT): 
  529.2  981.2  548.2   30.9 (  -95.8 -407.6-1676.5  -24.9)
  cluster centroid at:  12.368404   -86.506355   7.338133
  mean centroid (origin) shift in x,y,z,t [m,ms]: 
-1458.9 -200.8 1190.2  -19.6
  (OS in std output gives maximum value.)

More:
  mean phase coherency = 0.744
  mean pick quality =   NaN
  station with largest cc rms: MGAN   =   143. ms (RMSST)

Relocation results for this iteration are stored in hypoDD.reloc.001.002
Iteration 11 finished Wed Apr 19 16:56:21 2017

===ITERATION   3 ( 12) Wed Apr 19 16:56:21 2017

Weighting parameters for this iteration:
  wt_ccp=  1.0000  wt_ccs=  0.0000  maxr_cc=  2.0000  maxd_cc=    6.00
  wt_ctp= -9.0000  wt_cts= -9.0000  maxr_ct= -9.0000  maxd_ct=   -9.00
  damp=   0.1

~ getting partials for    13 stations and   364 source(s) ...
~ getting residual vector...
re-weighting ... Wed Apr 19 16:56:21 2017@
 cc res/dist cutoff:  0.036s/  6.00km ( 33.0%)
skipping data...
# obs =       846 (  0.2%)
# events =       331
# stations =        13

~ setting up G matrix.. 
~ scaling G columns ... 
~ lsqr ...    Wed Apr 19 16:56:21 2017€
  istop = 2; acond (CND)= 36039.5; anorm =  2414.2; arnorm =     0.1; xnorm =    81.0
 >>> Warning: ndt < 4*nev

Residual summary:
 absolute mean [s] = -0.0010 (   -Inf %)
 weighted mean [s] =  0.0001 (-100.00 %)
 absolute variance [s] =  1476.0837 (    Inf %)
 weighted variance [s] =     1.3932 (    Inf %)
 absolute cc rms [s] =  0.0418 (   3.41 %)
 weighted cc rms [s] =  0.0049 ( -61.78 %)

Location summary:
 mean 2sig-error (x,y,z,t) [m,ms]: 
  861.1 1174.3 1101.0  262.3 (-4531.7-5428.1-5518.2-1091.2)
 mean shift (x,y,z,t) [m,ms] (DX,DY,DZ,DT): 
  238.0  503.6 1921.6   21.4 ( -291.2 -477.5 1373.4   -9.6)
>>>Warning: negative depth -          585
 Number of air quakes (AQ) =           1
Iteration 12 finished Wed Apr 19 16:56:21 2017

===ITERATION   3 ( 13) Wed Apr 19 16:56:21 2017

Weighting parameters for this iteration:
  wt_ccp=  1.0000  wt_ccs=  0.0000  maxr_cc=  2.0000  maxd_cc=    6.00
  wt_ctp= -9.0000  wt_cts= -9.0000  maxr_ct= -9.0000  maxd_ct=   -9.00
  damp=   0.1

~ getting partials for    13 stations and   331 source(s) ...
~ getting residual vector...
re-weighting ... Wed Apr 19 16:56:21 2017@
 cc res/dist cutoff:  0.018s/  6.00km ( 22.0%)
skipping data...
# obs =       660 (  0.1%)
# events =       322
# stations =        13

~ setting up G matrix.. 
~ scaling G columns ... 
~ lsqr ...    Wed Apr 19 16:56:21 2017€
  istop = 2; acond (CND)= 32913.1; anorm =  2032.1; arnorm =     0.0; xnorm =    31.9
 >>> Warning: ndt < 4*nev

Residual summary:
 absolute mean [s] =  0.0005 (    Inf %)
 weighted mean [s] =  0.0000 (-100.00 %)
 absolute variance [s] =    53.2234 (    Inf %)
 weighted variance [s] =     0.1290 (    Inf %)
 absolute cc rms [s] =  0.0090 ( -78.47 %)
 weighted cc rms [s] =  0.0017 ( -64.04 %)

Location summary:
 mean 2sig-error (x,y,z,t) [m,ms]: 
  168.3  209.5  182.9   47.4 ( -692.8 -964.8 -918.2 -214.9)
 mean shift (x,y,z,t) [m,ms] (DX,DY,DZ,DT): 
  108.4  201.2  315.0    7.8 ( -129.6 -302.5-1606.6  -13.5)
  cluster centroid at:  12.372602   -86.508598   7.231498
  mean centroid (origin) shift in x,y,z,t [m,ms]: 
-1360.4  -62.6 1017.6  -22.2
  (OS in std output gives maximum value.)

More:
  mean phase coherency = 0.745
  mean pick quality =   NaN
  station with largest cc rms: NANN   =    17. ms (RMSST)

Relocation results for this iteration are stored in hypoDD.reloc.001.003
Iteration 13 finished Wed Apr 19 16:56:21 2017

===ITERATION   4 ( 14) Wed Apr 19 16:56:21 2017

Weighting parameters for this iteration:
  wt_ccp=  1.0000  wt_ccs=  0.0000  maxr_cc=  2.0000  maxd_cc=    6.00
  wt_ctp= -9.0000  wt_cts= -9.0000  maxr_ct= -9.0000  maxd_ct=   -9.00
  damp=   0.1

~ getting partials for    13 stations and   322 source(s) ...
~ getting residual vector...
re-weighting ... Wed Apr 19 16:56:21 2017@
 cc res/dist cutoff:  0.002s/  6.00km ( 35.6%)
skipping data...
# obs =       425 (  0.1%)
# events =       304
# stations =        13

~ setting up G matrix.. 
~ scaling G columns ... 
~ lsqr ...    Wed Apr 19 16:56:21 2017€
  istop = 2; acond (CND)= 19472.0; anorm =  1283.6; arnorm =     0.0; xnorm =     1.9
 >>> Warning: ndt < 4*nev

Residual summary:
 absolute mean [s] = -0.0000 (   -Inf %)
 weighted mean [s] = -0.0000 (-100.00 %)
 absolute variance [s] =     0.0631 (    Inf %)
 weighted variance [s] =     0.0001 (    Inf %)
 absolute cc rms [s] =  0.0004 ( -95.71 %)
 weighted cc rms [s] =  0.0000 ( -97.27 %)

Location summary:
 mean 2sig-error (x,y,z,t) [m,ms]: 
    0.7    0.8    0.6    0.2 ( -167.6 -208.7 -182.3  -47.2)
 mean shift (x,y,z,t) [m,ms] (DX,DY,DZ,DT): 
    4.6    8.3    1.9    0.3 ( -103.8 -192.8 -313.0   -7.6)
  cluster centroid at:  12.373040   -86.509384   7.064677
  mean centroid (origin) shift in x,y,z,t [m,ms]: 
-1358.5  -67.7  775.6  -22.9
  (OS in std output gives maximum value.)

More:
  mean phase coherency = 0.746
  mean pick quality =   NaN
  station with largest cc rms: TBTN   =     1. ms (RMSST)

Relocation results for this iteration are stored in hypoDD.reloc.001.004
Iteration 14 finished Wed Apr 19 16:56:21 2017

===ITERATION   5 ( 15) Wed Apr 19 16:56:21 2017

Weighting parameters for this iteration:
  wt_ccp=  1.0000  wt_ccs=  0.0000  maxr_cc=  2.0000  maxd_cc=    6.00
  wt_ctp= -9.0000  wt_cts= -9.0000  maxr_ct= -9.0000  maxd_ct=   -9.00
  damp=   0.1

~ getting partials for    13 stations and   304 source(s) ...
~ getting residual vector...
re-weighting ... Wed Apr 19 16:56:21 2017@
 cc res/dist cutoff:  0.000s/  6.00km ( 11.5%)
skipping data...
# obs =       376 (  0.1%)
# events =       298
# stations =        13

~ setting up G matrix.. 
~ scaling G columns ... 
~ lsqr ...    Wed Apr 19 16:56:21 2017€
  istop = 2; acond (CND)= 14381.6; anorm =  1002.3; arnorm =     0.0; xnorm =     0.0
 >>> Warning: ndt < 4*nev

Residual summary:
 absolute mean [s] =  0.0000 (    Inf %)
 weighted mean [s] =  0.0000 (-100.00 %)
 absolute variance [s] =     0.0001 (    Inf %)
 weighted variance [s] =     0.0000 (    Inf %)
 absolute cc rms [s] =  0.0000 ( -96.04 %)
 weighted cc rms [s] =  0.0000 ( -93.75 %)

Location summary:
 mean 2sig-error (x,y,z,t) [m,ms]: 
    0.0    0.0    0.0    0.0 (   -0.7   -0.8   -0.6   -0.2)
 mean shift (x,y,z,t) [m,ms] (DX,DY,DZ,DT): 
    0.1    0.1    0.1    0.0 (   -4.5   -8.2   -1.9   -0.2)
  cluster centroid at:  12.373170   -86.510086   7.065992
  mean centroid (origin) shift in x,y,z,t [m,ms]: 
-1351.6  -53.9  774.4  -25.1
  (OS in std output gives maximum value.)

More:
  mean phase coherency = 0.747
  mean pick quality =   NaN
  station with largest cc rms: TBHY   =     0. ms (RMSST)

Relocation results for this iteration are stored in hypoDD.reloc.001.005
Iteration 15 finished Wed Apr 19 16:56:21 2017

===ITERATION   6 ( 16) Wed Apr 19 16:56:21 2017

Weighting parameters for this iteration:
  wt_ccp=  1.0000  wt_ccs=  0.0000  maxr_cc=  2.0000  maxd_cc=    6.00
  wt_ctp= -9.0000  wt_cts= -9.0000  maxr_ct= -9.0000  maxd_ct=   -9.00
  damp=   0.1

~ getting partials for    13 stations and   298 source(s) ...
~ getting residual vector...
re-weighting ... Wed Apr 19 16:56:21 2017@
 cc res/dist cutoff:  0.000s/  6.00km ( 19.1%)
skipping data...
# obs =       304 (  0.1%)
# events =       266
# stations =        13

~ setting up G matrix.. 
~ scaling G columns ... 
~ lsqr ...    Wed Apr 19 16:56:21 2017€
  istop = 2; acond (CND)= 10894.7; anorm =   832.9; arnorm =     0.0; xnorm =     0.0
 >>> Warning: ndt < 4*nev

Residual summary:
 absolute mean [s] = -0.0000 (   -Inf %)
 weighted mean [s] = -0.0000 (-100.00 %)
 absolute variance [s] =     0.0000 (    Inf %)
 weighted variance [s] =     0.0000 (    Inf %)
 absolute cc rms [s] =  0.0000 ( -43.76 %)
 weighted cc rms [s] =  0.0000 ( -96.45 %)

Location summary:
 mean 2sig-error (x,y,z,t) [m,ms]: 
    0.0    0.0    0.0    0.0 (   -0.0   -0.0   -0.0   -0.0)
 mean shift (x,y,z,t) [m,ms] (DX,DY,DZ,DT): 
    0.0    0.0    0.0    0.0 (   -0.1   -0.1   -0.1   -0.0)
  cluster centroid at:  12.374413   -86.511192   7.076565
  mean centroid (origin) shift in x,y,z,t [m,ms]: 
-1428.2 -144.0  787.5  -26.9
  (OS in std output gives maximum value.)

More:
  mean phase coherency = 0.748
  mean pick quality =   NaN
  station with largest cc rms: TBHS   =     0. ms (RMSST)

Relocation results for this iteration are stored in hypoDD.reloc.001.006
Iteration 16 finished Wed Apr 19 16:56:21 2017

===ITERATION   7 ( 17) Wed Apr 19 16:56:21 2017

Weighting parameters for this iteration:
  wt_ccp=  1.0000  wt_ccs=  0.0000  maxr_cc=  2.0000  maxd_cc=    6.00
  wt_ctp= -9.0000  wt_cts= -9.0000  maxr_ct= -9.0000  maxd_ct=   -9.00
  damp=   0.1

~ getting partials for    13 stations and   266 source(s) ...
~ getting residual vector...
re-weighting ... Wed Apr 19 16:56:21 2017@
 cc res/dist cutoff:  0.000s/  6.00km ( 24.7%)
skipping data...
# obs =       229 (  0.0%)
# events =       233
# stations =        13

~ setting up G matrix.. 
~ scaling G columns ... 
~ lsqr ...    Wed Apr 19 16:56:21 2017€
  istop = 2; acond (CND)=  4302.9; anorm =   517.0; arnorm =     0.0; xnorm =     0.0
 >>> Warning: ndt < 4*nev

Residual summary:
 absolute mean [s] =  0.0000 (    Inf %)
 weighted mean [s] = -0.0000 (-100.00 %)
 absolute variance [s] =     0.0000 (    Inf %)
 weighted variance [s] =     0.0000 (    Inf %)
 absolute cc rms [s] =  0.0000 ( -89.70 %)
 weighted cc rms [s] =  0.0000 (  -5.46 %)

Location summary:
 mean 2sig-error (x,y,z,t) [m,ms]: 
    0.0    0.0    0.0    0.0 (   -0.0   -0.0   -0.0   -0.0)
 mean shift (x,y,z,t) [m,ms] (DX,DY,DZ,DT): 
    0.0    0.0    0.0    0.0 (   -0.0   -0.0   -0.0   -0.0)
  cluster centroid at:  12.372923   -86.510567   7.237854
  mean centroid (origin) shift in x,y,z,t [m,ms]: 
-1496.6 -103.8  847.7  -23.1
  (OS in std output gives maximum value.)

More:
  mean phase coherency = 0.749
  mean pick quality =   NaN
  station with largest cc rms: TBHY   =     0. ms (RMSST)

Relocation results for this iteration are stored in hypoDD.reloc.001.007
Iteration 17 finished Wed Apr 19 16:56:21 2017

===ITERATION   8 ( 18) Wed Apr 19 16:56:21 2017

Weighting parameters for this iteration:
  wt_ccp=  1.0000  wt_ccs=  0.0000  maxr_cc=  2.0000  maxd_cc=    6.00
  wt_ctp= -9.0000  wt_cts= -9.0000  maxr_ct= -9.0000  maxd_ct=   -9.00
  damp=   0.1

~ getting partials for    13 stations and   233 source(s) ...
~ getting residual vector...
re-weighting ... Wed Apr 19 16:56:21 2017@
 cc res/dist cutoff:  0.000s/  6.00km ( 15.3%)
skipping data...
# obs =       194 (  0.0%)
# events =       218
# stations =        12

~ setting up G matrix.. 
~ scaling G columns ... 
~ lsqr ...    Wed Apr 19 16:56:21 2017€
  istop = 2; acond (CND)=  2812.3; anorm =   364.9; arnorm =     0.0; xnorm =     0.0
 >>> Warning: ndt < 4*nev

Residual summary:
 absolute mean [s] =  0.0000 (******* %)
 weighted mean [s] = -0.0000 (-100.00 %)
 absolute variance [s] =     0.0000 (    Inf %)
 weighted variance [s] =     0.0000 (    Inf %)
 absolute cc rms [s] =  0.0000 ( -55.90 %)
 weighted cc rms [s] =  0.0000 (  16.82 %)

Location summary:
 mean 2sig-error (x,y,z,t) [m,ms]: 
    0.0    0.0    0.0    0.0 (   -0.0   -0.0   -0.0   -0.0)
 mean shift (x,y,z,t) [m,ms] (DX,DY,DZ,DT): 
    0.0    0.0    0.0    0.0 (   -0.0   -0.0   -0.0   -0.0)
  cluster centroid at:  12.373062   -86.511955   7.531285
  mean centroid (origin) shift in x,y,z,t [m,ms]: 
-1488.6 -229.6  962.8  -17.5
  (OS in std output gives maximum value.)

More:
  mean phase coherency = 0.750
  mean pick quality =   NaN
  station with largest cc rms: CNGN   =     0. ms (RMSST)

Relocation results for this iteration are stored in hypoDD.reloc.001.008
Iteration 18 finished Wed Apr 19 16:56:21 2017

===ITERATION   9 ( 19) Wed Apr 19 16:56:21 2017

Weighting parameters for this iteration:
  wt_ccp=  1.0000  wt_ccs=  0.0000  maxr_cc=  2.0000  maxd_cc=    6.00
  wt_ctp= -9.0000  wt_cts= -9.0000  maxr_ct= -9.0000  maxd_ct=   -9.00
  damp=   0.1

~ getting partials for    12 stations and   218 source(s) ...
~ getting residual vector...
re-weighting ... Wed Apr 19 16:56:21 2017@
 cc res/dist cutoff:  0.000s/  6.00km ( 18.0%)
skipping data...
# obs =       159 (  0.0%)
# events =       187
# stations =        12

~ setting up G matrix.. 
~ scaling G columns ... 
~ lsqr ...    Wed Apr 19 16:56:21 2017€
  istop = 2; acond (CND)=  1170.9; anorm =   282.6; arnorm =     0.0; xnorm =     0.0
 >>> Warning: ndt < 4*nev

Residual summary:
 absolute mean [s] = -0.0000 (   -Inf %)
 weighted mean [s] = -0.0000 (-100.00 %)
 absolute variance [s] =     0.0000 (    Inf %)
 weighted variance [s] =     0.0000 (    Inf %)
 absolute cc rms [s] =  0.0000 ( -47.94 %)
 weighted cc rms [s] =  0.0000 (  10.92 %)

Location summary:
 mean 2sig-error (x,y,z,t) [m,ms]: 
    0.0    0.0    0.0    0.0 (   -0.0   -0.0   -0.0   -0.0)
 mean shift (x,y,z,t) [m,ms] (DX,DY,DZ,DT): 
    0.0    0.0    0.0    0.0 (   -0.0   -0.0   -0.0   -0.0)
  cluster centroid at:  12.374128   -86.514526   7.805202
  mean centroid (origin) shift in x,y,z,t [m,ms]: 
-1505.7 -365.7 1131.8   -5.3
  (OS in std output gives maximum value.)

More:
  mean phase coherency = 0.751
  mean pick quality =   NaN
  station with largest cc rms: BOA    =     0. ms (RMSST)

Relocation results for this iteration are stored in hypoDD.reloc.001.009
Iteration 19 finished Wed Apr 19 16:56:21 2017

===ITERATION  10 ( 20) Wed Apr 19 16:56:21 2017

Weighting parameters for this iteration:
  wt_ccp=  1.0000  wt_ccs=  0.0000  maxr_cc=  2.0000  maxd_cc=    6.00
  wt_ctp= -9.0000  wt_cts= -9.0000  maxr_ct= -9.0000  maxd_ct=   -9.00
  damp=   0.1

~ getting partials for    12 stations and   187 source(s) ...
~ getting residual vector...
re-weighting ... Wed Apr 19 16:56:21 2017@
 cc res/dist cutoff:  0.000s/  6.00km ( 13.2%)
skipping data...
# obs =       138 (  0.0%)
# events =       164
# stations =        12

~ setting up G matrix.. 
~ scaling G columns ... 
~ lsqr ...    Wed Apr 19 16:56:21 2017€
  istop = 2; acond (CND)=  1981.1; anorm =   232.4; arnorm =     0.0; xnorm =     0.0
 >>> Warning: ndt < 4*nev

Residual summary:
 absolute mean [s] = -0.0000 (   -Inf %)
 weighted mean [s] = -0.0000 (-100.00 %)
 absolute variance [s] =     0.0000 (    Inf %)
 weighted variance [s] =     0.0000 (    Inf %)
 absolute cc rms [s] =  0.0000 (  43.72 %)
 weighted cc rms [s] =  0.0000 ( -15.72 %)

Location summary:
 mean 2sig-error (x,y,z,t) [m,ms]: 
    0.0    0.0    0.0    0.0 (   -0.0   -0.0   -0.0   -0.0)
 mean shift (x,y,z,t) [m,ms] (DX,DY,DZ,DT): 
    0.0    0.0    0.0    0.0 (   -0.0   -0.0   -0.0   -0.0)
  cluster centroid at:  12.372489   -86.515221   7.707488
  mean centroid (origin) shift in x,y,z,t [m,ms]: 
-1458.1 -581.5 1134.7    8.0
  (OS in std output gives maximum value.)

More:
  mean phase coherency = 0.752
  mean pick quality =   NaN
  station with largest cc rms: MASN   =     0. ms (RMSST)

Relocation results for this iteration are stored in hypoDD.reloc.001.010
Iteration 20 finished Wed Apr 19 16:56:21 2017

===ITERATION  11 ( 21) Wed Apr 19 16:56:21 2017

Weighting parameters for this iteration:
  wt_ccp=  1.0000  wt_ccs=  0.0000  maxr_cc=  2.0000  maxd_cc=    6.00
  wt_ctp= -9.0000  wt_cts= -9.0000  maxr_ct= -9.0000  maxd_ct=   -9.00
  damp=   0.1

~ getting partials for    12 stations and   164 source(s) ...
~ getting residual vector...
re-weighting ... Wed Apr 19 16:56:21 2017@
 cc res/dist cutoff:  0.000s/  6.00km ( 22.5%)
skipping data...
# obs =       107 (  0.0%)
# events =       151
# stations =        12

~ setting up G matrix.. 
~ scaling G columns ... 
~ lsqr ...    Wed Apr 19 16:56:21 2017€
  istop = 2; acond (CND)=   181.5; anorm =   123.6; arnorm =     0.0; xnorm =     0.0
 >>> Warning: ndt < 4*nev

Residual summary:
 absolute mean [s] = -0.0000 (******* %)
 weighted mean [s] = -0.0000 (-100.00 %)
 absolute variance [s] =     0.0000 (    Inf %)
 weighted variance [s] =     0.0000 (    Inf %)
 absolute cc rms [s] =  0.0000 ( -76.09 %)
 weighted cc rms [s] =  0.0000 ( -37.78 %)

Location summary:
 mean 2sig-error (x,y,z,t) [m,ms]: 
    0.0    0.0    0.0    0.0 (   -0.0   -0.0   -0.0   -0.0)
 mean shift (x,y,z,t) [m,ms] (DX,DY,DZ,DT): 
    0.0    0.0    0.0    0.0 (   -0.0   -0.0   -0.0   -0.0)
  cluster centroid at:  12.369761   -86.512772   8.057568
  mean centroid (origin) shift in x,y,z,t [m,ms]: 
-1555.9 -656.6 1263.2   14.2
  (OS in std output gives maximum value.)

More:
  mean phase coherency = 0.749
  mean pick quality =   NaN
  station with largest cc rms: MATN   =     0. ms (RMSST)

Relocation results for this iteration are stored in hypoDD.reloc.001.011
Iteration 21 finished Wed Apr 19 16:56:21 2017

===ITERATION  12 ( 22) Wed Apr 19 16:56:21 2017

Weighting parameters for this iteration:
  wt_ccp=  1.0000  wt_ccs=  0.0000  maxr_cc=  2.0000  maxd_cc=    6.00
  wt_ctp= -9.0000  wt_cts= -9.0000  maxr_ct= -9.0000  maxd_ct=   -9.00
  damp=   0.1

~ getting partials for    12 stations and   151 source(s) ...
~ getting residual vector...
re-weighting ... Wed Apr 19 16:56:21 2017@
 cc res/dist cutoff:  0.000s/  6.00km ( 14.0%)
skipping data...
# obs =        92 (  0.0%)
# events =       132
# stations =        12

~ setting up G matrix.. 
~ scaling G columns ... 
~ lsqr ...    Wed Apr 19 16:56:21 2017€
  istop = 2; acond (CND)=   231.3; anorm =   115.6; arnorm =     0.0; xnorm =     0.0
 >>> Warning: ndt < 4*nev

Residual summary:
 absolute mean [s] = -0.0000 (   -Inf %)
 weighted mean [s] = -0.0000 (-100.00 %)
 absolute variance [s] =     0.0000 (    Inf %)
 weighted variance [s] =     0.0000 (    Inf %)
 absolute cc rms [s] =  0.0000 (  51.33 %)
 weighted cc rms [s] =  0.0000 ( -99.32 %)

Location summary:
 mean 2sig-error (x,y,z,t) [m,ms]: 
    0.0    0.0    0.0    0.0 (   -0.0   -0.0   -0.0   -0.0)
 mean shift (x,y,z,t) [m,ms] (DX,DY,DZ,DT): 
    0.0    0.0    0.0    0.0 (   -0.0   -0.0   -0.0   -0.0)
  cluster centroid at:  12.370675   -86.511978   7.933645
  mean centroid (origin) shift in x,y,z,t [m,ms]: 
-1493.0 -478.4 1100.7    6.5
  (OS in std output gives maximum value.)

More:
  mean phase coherency = 0.752
  mean pick quality =   NaN
  station with largest cc rms: MATN   =     0. ms (RMSST)

Relocation results for this iteration are stored in hypoDD.reloc.001.012
Iteration 22 finished Wed Apr 19 16:56:21 2017

===ITERATION  13 ( 23) Wed Apr 19 16:56:21 2017

Weighting parameters for this iteration:
  wt_ccp=  1.0000  wt_ccs=  0.0000  maxr_cc=  2.0000  maxd_cc=    6.00
  wt_ctp= -9.0000  wt_cts= -9.0000  maxr_ct= -9.0000  maxd_ct=   -9.00
  damp=   0.1

~ getting partials for    12 stations and   132 source(s) ...
~ getting residual vector...
re-weighting ... Wed Apr 19 16:56:21 2017@
 cc res/dist cutoff:  0.000s/  6.00km ( 16.3%)
skipping data...
# obs =        77 (  0.0%)
# events =       112
# stations =        12

~ setting up G matrix.. 
~ scaling G columns ... 
~ lsqr ...    Wed Apr 19 16:56:21 2017€
  istop = 2; acond (CND)=   166.5; anorm =    94.2; arnorm =     0.0; xnorm =     0.0
 >>> Warning: ndt < 4*nev

Residual summary:
 absolute mean [s] =  0.0000 (******* %)
 weighted mean [s] =  0.0000 (-100.00 %)
 absolute variance [s] =     0.0000 (    Inf %)
 weighted variance [s] =     0.0000 (    Inf %)
 absolute cc rms [s] =  0.0000 ( -99.61 %)
 weighted cc rms [s] =  0.0000 ( -50.25 %)

Location summary:
 mean 2sig-error (x,y,z,t) [m,ms]: 
    0.0    0.0    0.0    0.0 (   -0.0   -0.0   -0.0   -0.0)
 mean shift (x,y,z,t) [m,ms] (DX,DY,DZ,DT): 
    0.0    0.0    0.0    0.0 (   -0.0   -0.0   -0.0   -0.0)
  cluster centroid at:  12.370210   -86.513962   7.253348
  mean centroid (origin) shift in x,y,z,t [m,ms]: 
-1656.3 -371.8  843.0  -11.7
  (OS in std output gives maximum value.)

More:
  mean phase coherency = 0.751
  mean pick quality =   NaN
  station with largest cc rms: TBHS   =     0. ms (RMSST)

Relocation results for this iteration are stored in hypoDD.reloc.001.013
Iteration 23 finished Wed Apr 19 16:56:21 2017

===ITERATION  14 ( 24) Wed Apr 19 16:56:21 2017

Weighting parameters for this iteration:
  wt_ccp=  1.0000  wt_ccs=  0.0000  maxr_cc=  2.0000  maxd_cc=    6.00
  wt_ctp= -9.0000  wt_cts= -9.0000  maxr_ct= -9.0000  maxd_ct=   -9.00
  damp=   0.1

~ getting partials for    12 stations and   112 source(s) ...
~ getting residual vector...
re-weighting ... Wed Apr 19 16:56:21 2017@
 cc res/dist cutoff:  0.000s/  6.00km ( 23.4%)
skipping data...
# obs =        59 (  0.0%)
# events =        87
# stations =        11

~ setting up G matrix.. 
~ scaling G columns ... 
~ lsqr ...    Wed Apr 19 16:56:21 2017€
  istop = 2; acond (CND)=   527.0; anorm =    72.2; arnorm =     0.0; xnorm =     0.0
 >>> Warning: ndt < 4*nev

Residual summary:
 absolute mean [s] =  0.0000 (******* %)
 weighted mean [s] =  0.0000 (-100.00 %)
 absolute variance [s] =     0.0000 (    Inf %)
 weighted variance [s] =     0.0000 (    Inf %)
 absolute cc rms [s] =  0.0000 (1017.62 %)
 weighted cc rms [s] =  0.0000 (  17.65 %)

Location summary:
 mean 2sig-error (x,y,z,t) [m,ms]: 
    0.0    0.0    0.0    0.0 (    0.0    0.0   -0.0    0.0)
 mean shift (x,y,z,t) [m,ms] (DX,DY,DZ,DT): 
    0.0    0.0    0.0    0.0 (   -0.0   -0.0   -0.0   -0.0)
  cluster centroid at:  12.379382   -86.526604   6.713202
  mean centroid (origin) shift in x,y,z,t [m,ms]: 
-1581.5 -233.8  748.1  -20.2
  (OS in std output gives maximum value.)

More:
  mean phase coherency = 0.755
  mean pick quality =   NaN
  station with largest cc rms: TBMR   =     0. ms (RMSST)

Relocation results for this iteration are stored in hypoDD.reloc.001.014
Iteration 24 finished Wed Apr 19 16:56:21 2017

===ITERATION  15 ( 25) Wed Apr 19 16:56:21 2017

Weighting parameters for this iteration:
  wt_ccp=  1.0000  wt_ccs=  0.0000  maxr_cc=  2.0000  maxd_cc=    6.00
  wt_ctp= -9.0000  wt_cts= -9.0000  maxr_ct= -9.0000  maxd_ct=   -9.00
  damp=   0.1

~ getting partials for    11 stations and    87 source(s) ...
~ getting residual vector...
re-weighting ... Wed Apr 19 16:56:21 2017@
 cc res/dist cutoff:  0.000s/  6.00km ( 18.6%)
skipping data...
# obs =        48 (  0.0%)
# events =        72
# stations =        11

~ setting up G matrix.. 
~ scaling G columns ... 
~ lsqr ...    Wed Apr 19 16:56:21 2017€
  istop = 2; acond (CND)=    86.0; anorm =    55.3; arnorm =     0.0; xnorm =     0.0
 >>> Warning: ndt < 4*nev

Residual summary:
 absolute mean [s] =  0.0000 (******* %)
 weighted mean [s] =  0.0000 (-100.00 %)
 absolute variance [s] =     0.0000 (    Inf %)
 weighted variance [s] =     0.0000 (    Inf %)
 absolute cc rms [s] =  0.0000 ( -78.97 %)
 weighted cc rms [s] =  0.0000 ( -69.47 %)

Location summary:
 mean 2sig-error (x,y,z,t) [m,ms]: 
    0.0    0.0    0.0    0.0 (   -0.0   -0.0   -0.0   -0.0)
 mean shift (x,y,z,t) [m,ms] (DX,DY,DZ,DT): 
    0.0    0.0    0.0    0.0 (   -0.0   -0.0   -0.0   -0.0)
  cluster centroid at:  12.379953   -86.524658   7.126055
  mean centroid (origin) shift in x,y,z,t [m,ms]: 
-1322.3 -250.8 1001.4   -9.8
  (OS in std output gives maximum value.)

More:
  mean phase coherency = 0.760
  mean pick quality =   NaN
  station with largest cc rms: TBHS   =     0. ms (RMSST)

Relocation results for this iteration are stored in hypoDD.reloc.001.015
Iteration 25 finished Wed Apr 19 16:56:21 2017

===ITERATION  16 ( 26) Wed Apr 19 16:56:21 2017

Weighting parameters for this iteration:
  wt_ccp=  1.0000  wt_ccs=  0.0000  maxr_cc=  2.0000  maxd_cc=    6.00
  wt_ctp= -9.0000  wt_cts= -9.0000  maxr_ct= -9.0000  maxd_ct=   -9.00
  damp=   0.1

~ getting partials for    11 stations and    72 source(s) ...
~ getting residual vector...
re-weighting ... Wed Apr 19 16:56:21 2017@
 cc res/dist cutoff:  0.000s/  6.00km ( 31.2%)
skipping data...
# obs =        33 (  0.0%)
# events =        50
# stations =         8

~ setting up G matrix.. 
~ scaling G columns ... 
~ lsqr ...    Wed Apr 19 16:56:21 2017€
  istop = 2; acond (CND)=     5.3; anorm =    30.4; arnorm =     0.0; xnorm =     0.0
 >>> Warning: ndt < 4*nev

Residual summary:
 absolute mean [s] = -0.0000 (******* %)
 weighted mean [s] = -0.0000 (-100.00 %)
 absolute variance [s] =     0.0000 (    Inf %)
 weighted variance [s] =     0.0000 (    Inf %)
 absolute cc rms [s] =  0.0000 ( -99.74 %)
 weighted cc rms [s] =  0.0000 ( -97.83 %)

Location summary:
 mean 2sig-error (x,y,z,t) [m,ms]: 
    0.0    0.0    0.0    0.0 (   -0.0   -0.0   -0.0   -0.0)
 mean shift (x,y,z,t) [m,ms] (DX,DY,DZ,DT): 
    0.0    0.0    0.0    0.0 (   -0.0   -0.0   -0.0   -0.0)
  cluster centroid at:  12.379962   -86.531036   7.156716
  mean centroid (origin) shift in x,y,z,t [m,ms]: 
-1504.9 -358.2  957.1   10.5
  (OS in std output gives maximum value.)

More:
  mean phase coherency = 0.765
  mean pick quality =   NaN
  station with largest cc rms: MATN   =     0. ms (RMSST)

Relocation results for this iteration are stored in hypoDD.reloc.001.016
Iteration 26 finished Wed Apr 19 16:56:21 2017

===ITERATION  17 ( 27) Wed Apr 19 16:56:21 2017

Weighting parameters for this iteration:
  wt_ccp=  1.0000  wt_ccs=  0.0000  maxr_cc=  2.0000  maxd_cc=    6.00
  wt_ctp= -9.0000  wt_cts= -9.0000  maxr_ct= -9.0000  maxd_ct=   -9.00
  damp=   0.1

~ getting partials for     8 stations and    50 source(s) ...
~ getting residual vector...
re-weighting ... Wed Apr 19 16:56:21 2017@
 cc res/dist cutoff:  0.000s/  6.00km ( 42.4%)
skipping data...
# obs =         0 (  0.0%)
# events =         0
# stations =         0
  Cluster has less than 2 events.

RELOCATION OF CLUSTER: 2     Wed Apr 19 16:56:21 2017
----------------------

~ Reading data ...   Wed Apr 19 16:56:21 2017Å
# stations total =     21
# stations < maxdist =     13
# cross corr P dtimes =       8 (no org. time corr. for      0 event pairs)
# dtimes total =        8
# events after dtime match =          2
# stations =      8
Cluster centroid at:  12.035000   -86.214996   1.000000
# events:    2
# initial trial sources:     2

===ITERATION   1 (  1) Wed Apr 19 16:56:23 2017

Weighting parameters for this iteration:
  wt_ccp=  1.0000  wt_ccs=  0.0000  maxr_cc=  2.0000  maxd_cc=    6.00
  wt_ctp= -9.0000  wt_cts= -9.0000  maxr_ct= -9.0000  maxd_ct=   -9.00
  damp=   0.1

~ getting partials for     8 stations and     2 source(s) ...
~ getting residual vector...
re-weighting ... Wed Apr 19 16:56:23 2017@
 cc res/dist cutoff:  0.663s/  6.00km (100.0%)
skipping data...
# obs =         0 (  0.0%)
# events =         0
# stations =         0
  Cluster has less than 2 events.

RELOCATION OF CLUSTER: 3     Wed Apr 19 16:56:23 2017
----------------------

~ Reading data ...   Wed Apr 19 16:56:23 2017Å
# stations total =     21
# stations < maxdist =     13
# cross corr P dtimes =       8 (no org. time corr. for      0 event pairs)
# dtimes total =        8
# events after dtime match =          2
# stations =      8
Cluster centroid at:  12.480000   -86.755005   1.500000
# events:    2
# initial trial sources:     2

===ITERATION   1 (  1) Wed Apr 19 16:56:25 2017

Weighting parameters for this iteration:
  wt_ccp=  1.0000  wt_ccs=  0.0000  maxr_cc=  2.0000  maxd_cc=    6.00
  wt_ctp= -9.0000  wt_cts= -9.0000  maxr_ct= -9.0000  maxd_ct=   -9.00
  damp=   0.1

~ getting partials for     8 stations and     2 source(s) ...
~ getting residual vector...
re-weighting ... Wed Apr 19 16:56:25 2017@
 cc res/dist cutoff:  0.637s/  6.00km (100.0%)
skipping data...
# obs =         0 (  0.0%)
# events =         0
# stations =         0
  Cluster has less than 2 events.
