TBHS      12.6177  -86.8561    0.0000    0.0000      45       0       0       0    0.0000    0.0000   1
TBHY      12.5988  -86.8281    0.0000    0.0000      24       0       0       0    0.0000    0.0000   1
TBMR      12.5918  -86.8519   -0.0000 *********      41       0       0       0    0.0000    0.0000   1
TBTN      12.6064  -86.8348    0.0000    0.0000      27       0       0       0    0.0000    0.0000   1
CNGN      12.5000  -86.6985 5525.5786 *********       9       0       0       0    0.0000    0.0000   1
CRIN      12.6962  -87.0315    0.0000    0.0000       3       0       0       0    0.0000    0.0000   1
HERN      12.6093  -86.8311 5616.2422 5491.5469       3       0       0       0    0.0000    0.0000   1
MASN      12.0028  -86.0149    0.0000    0.0000      31       0       0       0    0.0002    0.0000   1
MATN      12.9298  -85.9255 5599.1758    0.0000      96       0       0       0    0.0000    0.0000   1
MGAN      12.1468  -86.2472    0.0000    0.0000      20       0       0       0    0.0000    0.0000   1
NANN      11.9390  -86.1213   -0.0000 *********      34       0       0       0    0.0000    0.0000   1
TBHS      12.6177  -86.8561    0.0000    0.0000      35       0       0       0    0.0001    0.0000   2
TBHY      12.5988  -86.8281    0.0000    0.0000      99       0       0       0    0.0001    0.0000   2
TBMR      12.5918  -86.8519   -0.0000 *********      24       0       0       0    0.0001    0.0000   2
TBTN      12.6064  -86.8348    0.0000    0.0000      25       0       0       0    0.0001    0.0000   2
CNGN      12.5000  -86.6985 5525.5786 *********       6       0       0       0    0.0000    0.0000   2
CRIN      12.6962  -87.0315    0.0000    0.0000      15       0       0       0    0.0001    0.0000   2
HERN      12.6093  -86.8311 5616.2422 5491.5469       6       0       0       0    0.0001    0.0000   2
MASN      12.0028  -86.0149    0.0000    0.0000      29       0       0       0    0.0000    0.0000   2
MATN      12.9298  -85.9255 5599.1758    0.0000     156       0       0       0    0.0000    0.0000   2
MGAN      12.1468  -86.2472    0.0000    0.0000      22       0       0       0    0.0001    0.0000   2
NANN      11.9390  -86.1213   -0.0000 *********      50       0       0       0    0.0002    0.0000   2
